2012/01/28 14:56:41 [error] [exception.CHttpException.403] exception 'CHttpException' with message 'You are not allowed to access this page.' in /www/shenlung/users/shenlung-betaush/www/framework/gii/GiiModule.php:163
Stack trace:
#0 /www/shenlung/users/shenlung-betaush/www/framework/web/CController.php(255): GiiModule->beforeControllerAction(Object(DefaultController), Object(CInlineAction))
#1 /www/shenlung/users/shenlung-betaush/www/framework/web/CWebApplication.php(277): CController->run('')
#2 /www/shenlung/users/shenlung-betaush/www/framework/web/CWebApplication.php(136): CWebApplication->runController('gii')
#3 /www/shenlung/users/shenlung-betaush/www/framework/base/CApplication.php(158): CWebApplication->processRequest()
#4 /www/shenlung/users/shenlung-betaush/www/htdocs/index.php(13): CApplication->run()
#5 {main} REQUEST_URI=/index.php?r=gii
2012/01/28 14:56:53 [error] [exception.CHttpException.403] exception 'CHttpException' with message 'You are not allowed to access this page.' in /www/shenlung/users/shenlung-betaush/www/framework/gii/GiiModule.php:163
Stack trace:
#0 /www/shenlung/users/shenlung-betaush/www/framework/web/CController.php(255): GiiModule->beforeControllerAction(Object(DefaultController), Object(CInlineAction))
#1 /www/shenlung/users/shenlung-betaush/www/framework/web/CWebApplication.php(277): CController->run('')
#2 /www/shenlung/users/shenlung-betaush/www/framework/web/CWebApplication.php(136): CWebApplication->runController('gii')
#3 /www/shenlung/users/shenlung-betaush/www/framework/base/CApplication.php(158): CWebApplication->processRequest()
#4 /www/shenlung/users/shenlung-betaush/www/htdocs/index.php(13): CApplication->run()
#5 {main} REQUEST_URI=/index.php?r=gii
2012/01/28 14:56:55 [error] [exception.CHttpException.403] exception 'CHttpException' with message 'You are not allowed to access this page.' in /www/shenlung/users/shenlung-betaush/www/framework/gii/GiiModule.php:163
Stack trace:
#0 /www/shenlung/users/shenlung-betaush/www/framework/web/CController.php(255): GiiModule->beforeControllerAction(Object(DefaultController), Object(CInlineAction))
#1 /www/shenlung/users/shenlung-betaush/www/framework/web/CWebApplication.php(277): CController->run('')
#2 /www/shenlung/users/shenlung-betaush/www/framework/web/CWebApplication.php(136): CWebApplication->runController('gii')
#3 /www/shenlung/users/shenlung-betaush/www/framework/base/CApplication.php(158): CWebApplication->processRequest()
#4 /www/shenlung/users/shenlung-betaush/www/htdocs/index.php(13): CApplication->run()
#5 {main} REQUEST_URI=/index.php?r=gii
2012/01/28 14:59:57 [error] [system.db.CDbCommand] CDbCommand::fetchAll() failed: SQLSTATE[3D000]: Invalid catalog name: 1046 No database selected. The SQL statement executed was: SHOW COLUMNS FROM `publication`.
in /www/shenlung/users/shenlung-betaush/www/htdocs/index.php (13)
2012/01/28 15:00:30 [error] [system.db.CDbCommand] CDbCommand::fetchAll() failed: SQLSTATE[3D000]: Invalid catalog name: 1046 No database selected. The SQL statement executed was: SHOW COLUMNS FROM `news`.
in /www/shenlung/users/shenlung-betaush/www/htdocs/index.php (13)
2012/01/28 15:02:21 [error] [system.db.CDbCommand] CDbCommand::fetchAll() failed: SQLSTATE[3D000]: Invalid catalog name: 1046 No database selected. The SQL statement executed was: SHOW COLUMNS FROM `news`.
in /www/shenlung/users/shenlung-betaush/www/htdocs/index.php (13)
2012/01/28 15:14:29 [error] [system.db.CDbCommand] CDbCommand::fetchAll() failed: SQLSTATE[3D000]: Invalid catalog name: 1046 No database selected. The SQL statement executed was: SHOW COLUMNS FROM `news`.
in /www/shenlung/users/shenlung-betaush/www/htdocs/index.php (13)
2012/01/28 15:14:31 [error] [system.db.CDbCommand] CDbCommand::fetchAll() failed: SQLSTATE[3D000]: Invalid catalog name: 1046 No database selected. The SQL statement executed was: SHOW COLUMNS FROM `news`.
in /www/shenlung/users/shenlung-betaush/www/htdocs/index.php (13)
2012/01/28 15:25:17 [error] [exception.CHttpException.404] exception 'CHttpException' with message 'Unable to resolve the request "role".' in /www/shenlung/users/shenlung-betaush/www/framework/web/CWebApplication.php:281
Stack trace:
#0 /www/shenlung/users/shenlung-betaush/www/framework/web/CWebApplication.php(136): CWebApplication->runController('role')
#1 /www/shenlung/users/shenlung-betaush/www/framework/base/CApplication.php(158): CWebApplication->processRequest()
#2 /www/shenlung/users/shenlung-betaush/www/htdocs/index.php(13): CApplication->run()
#3 {main} REQUEST_URI=/index.php?r=role
2012/01/28 15:41:33 [error] [php] Cannot modify header information - headers already sent by (output started at /www/shenlung/users/shenlung-betaush/www/htdocs/protected/controllers/UserController.php:97) (/www/shenlung/users/shenlung-betaush/www/framework/web/CHttpRequest.php:657)
Stack trace:
#0 /www/shenlung/users/shenlung-betaush/www/htdocs/protected/controllers/UserController.php(100): UserController->redirect()
#1 unknown(0): UserController->actionUpdate()
#2 /www/shenlung/users/shenlung-betaush/www/framework/web/actions/CAction.php(104): ReflectionMethod->invokeArgs()
#3 /www/shenlung/users/shenlung-betaush/www/framework/web/actions/CInlineAction.php(48): CInlineAction->runWithParamsInternal()
#4 /www/shenlung/users/shenlung-betaush/www/framework/web/CController.php(300): CInlineAction->runWithParams()
#5 /www/shenlung/users/shenlung-betaush/www/framework/web/filters/CFilterChain.php(134): UserController->runAction()
#6 /www/shenlung/users/shenlung-betaush/www/framework/web/filters/CFilter.php(41): CFilterChain->run()
#7 /www/shenlung/users/shenlung-betaush/www/framework/web/CController.php(1144): CAccessControlFilter->filter()
#8 /www/shenlung/users/shenlung-betaush/www/framework/web/filters/CInlineFilter.php(59): UserController->filterAccessControl()
#9 /www/shenlung/users/shenlung-betaush/www/framework/web/filters/CFilterChain.php(131): CInlineFilter->filter()
#10 /www/shenlung/users/shenlung-betaush/www/framework/web/CController.php(283): CFilterChain->run()
#11 /www/shenlung/users/shenlung-betaush/www/framework/web/CController.php(257): UserController->runActionWithFilters()
#12 /www/shenlung/users/shenlung-betaush/www/framework/web/CWebApplication.php(277): UserController->run()
#13 /www/shenlung/users/shenlung-betaush/www/framework/web/CWebApplication.php(136): CWebApplication->runController()
#14 /www/shenlung/users/shenlung-betaush/www/framework/base/CApplication.php(158): CWebApplication->processRequest()
#15 /www/shenlung/users/shenlung-betaush/www/htdocs/index.php(13): CWebApplication->run()
REQUEST_URI=/index.php?r=user/update&id=1
in /www/shenlung/users/shenlung-betaush/www/htdocs/protected/controllers/UserController.php (100)
in /www/shenlung/users/shenlung-betaush/www/htdocs/index.php (13)
2012/01/28 15:42:43 [error] [php] Cannot modify header information - headers already sent by (output started at /www/shenlung/users/shenlung-betaush/www/htdocs/protected/controllers/UserController.php:97) (/www/shenlung/users/shenlung-betaush/www/framework/web/CHttpRequest.php:657)
Stack trace:
#0 /www/shenlung/users/shenlung-betaush/www/htdocs/protected/controllers/UserController.php(100): UserController->redirect()
#1 unknown(0): UserController->actionUpdate()
#2 /www/shenlung/users/shenlung-betaush/www/framework/web/actions/CAction.php(104): ReflectionMethod->invokeArgs()
#3 /www/shenlung/users/shenlung-betaush/www/framework/web/actions/CInlineAction.php(48): CInlineAction->runWithParamsInternal()
#4 /www/shenlung/users/shenlung-betaush/www/framework/web/CController.php(300): CInlineAction->runWithParams()
#5 /www/shenlung/users/shenlung-betaush/www/framework/web/filters/CFilterChain.php(134): UserController->runAction()
#6 /www/shenlung/users/shenlung-betaush/www/framework/web/filters/CFilter.php(41): CFilterChain->run()
#7 /www/shenlung/users/shenlung-betaush/www/framework/web/CController.php(1144): CAccessControlFilter->filter()
#8 /www/shenlung/users/shenlung-betaush/www/framework/web/filters/CInlineFilter.php(59): UserController->filterAccessControl()
#9 /www/shenlung/users/shenlung-betaush/www/framework/web/filters/CFilterChain.php(131): CInlineFilter->filter()
#10 /www/shenlung/users/shenlung-betaush/www/framework/web/CController.php(283): CFilterChain->run()
#11 /www/shenlung/users/shenlung-betaush/www/framework/web/CController.php(257): UserController->runActionWithFilters()
#12 /www/shenlung/users/shenlung-betaush/www/framework/web/CWebApplication.php(277): UserController->run()
#13 /www/shenlung/users/shenlung-betaush/www/framework/web/CWebApplication.php(136): CWebApplication->runController()
#14 /www/shenlung/users/shenlung-betaush/www/framework/base/CApplication.php(158): CWebApplication->processRequest()
#15 /www/shenlung/users/shenlung-betaush/www/htdocs/index.php(13): CWebApplication->run()
REQUEST_URI=/index.php?r=user/update&id=1
in /www/shenlung/users/shenlung-betaush/www/htdocs/protected/controllers/UserController.php (100)
in /www/shenlung/users/shenlung-betaush/www/htdocs/index.php (13)
2012/01/28 15:42:58 [error] [php] Cannot modify header information - headers already sent by (output started at /www/shenlung/users/shenlung-betaush/www/htdocs/protected/controllers/UserController.php:97) (/www/shenlung/users/shenlung-betaush/www/framework/web/CHttpRequest.php:657)
Stack trace:
#0 /www/shenlung/users/shenlung-betaush/www/htdocs/protected/controllers/UserController.php(100): UserController->redirect()
#1 unknown(0): UserController->actionUpdate()
#2 /www/shenlung/users/shenlung-betaush/www/framework/web/actions/CAction.php(104): ReflectionMethod->invokeArgs()
#3 /www/shenlung/users/shenlung-betaush/www/framework/web/actions/CInlineAction.php(48): CInlineAction->runWithParamsInternal()
#4 /www/shenlung/users/shenlung-betaush/www/framework/web/CController.php(300): CInlineAction->runWithParams()
#5 /www/shenlung/users/shenlung-betaush/www/framework/web/filters/CFilterChain.php(134): UserController->runAction()
#6 /www/shenlung/users/shenlung-betaush/www/framework/web/filters/CFilter.php(41): CFilterChain->run()
#7 /www/shenlung/users/shenlung-betaush/www/framework/web/CController.php(1144): CAccessControlFilter->filter()
#8 /www/shenlung/users/shenlung-betaush/www/framework/web/filters/CInlineFilter.php(59): UserController->filterAccessControl()
#9 /www/shenlung/users/shenlung-betaush/www/framework/web/filters/CFilterChain.php(131): CInlineFilter->filter()
#10 /www/shenlung/users/shenlung-betaush/www/framework/web/CController.php(283): CFilterChain->run()
#11 /www/shenlung/users/shenlung-betaush/www/framework/web/CController.php(257): UserController->runActionWithFilters()
#12 /www/shenlung/users/shenlung-betaush/www/framework/web/CWebApplication.php(277): UserController->run()
#13 /www/shenlung/users/shenlung-betaush/www/framework/web/CWebApplication.php(136): CWebApplication->runController()
#14 /www/shenlung/users/shenlung-betaush/www/framework/base/CApplication.php(158): CWebApplication->processRequest()
#15 /www/shenlung/users/shenlung-betaush/www/htdocs/index.php(13): CWebApplication->run()
REQUEST_URI=/index.php?r=user/update&id=1
in /www/shenlung/users/shenlung-betaush/www/htdocs/protected/controllers/UserController.php (100)
in /www/shenlung/users/shenlung-betaush/www/htdocs/index.php (13)
2012/01/28 15:43:48 [error] [php] Cannot modify header information - headers already sent by (output started at /www/shenlung/users/shenlung-betaush/www/htdocs/protected/controllers/UserController.php:97) (/www/shenlung/users/shenlung-betaush/www/framework/web/CHttpRequest.php:657)
Stack trace:
#0 /www/shenlung/users/shenlung-betaush/www/htdocs/protected/controllers/UserController.php(100): UserController->redirect()
#1 unknown(0): UserController->actionUpdate()
#2 /www/shenlung/users/shenlung-betaush/www/framework/web/actions/CAction.php(104): ReflectionMethod->invokeArgs()
#3 /www/shenlung/users/shenlung-betaush/www/framework/web/actions/CInlineAction.php(48): CInlineAction->runWithParamsInternal()
#4 /www/shenlung/users/shenlung-betaush/www/framework/web/CController.php(300): CInlineAction->runWithParams()
#5 /www/shenlung/users/shenlung-betaush/www/framework/web/filters/CFilterChain.php(134): UserController->runAction()
#6 /www/shenlung/users/shenlung-betaush/www/framework/web/filters/CFilter.php(41): CFilterChain->run()
#7 /www/shenlung/users/shenlung-betaush/www/framework/web/CController.php(1144): CAccessControlFilter->filter()
#8 /www/shenlung/users/shenlung-betaush/www/framework/web/filters/CInlineFilter.php(59): UserController->filterAccessControl()
#9 /www/shenlung/users/shenlung-betaush/www/framework/web/filters/CFilterChain.php(131): CInlineFilter->filter()
#10 /www/shenlung/users/shenlung-betaush/www/framework/web/CController.php(283): CFilterChain->run()
#11 /www/shenlung/users/shenlung-betaush/www/framework/web/CController.php(257): UserController->runActionWithFilters()
#12 /www/shenlung/users/shenlung-betaush/www/framework/web/CWebApplication.php(277): UserController->run()
#13 /www/shenlung/users/shenlung-betaush/www/framework/web/CWebApplication.php(136): CWebApplication->runController()
#14 /www/shenlung/users/shenlung-betaush/www/framework/base/CApplication.php(158): CWebApplication->processRequest()
#15 /www/shenlung/users/shenlung-betaush/www/htdocs/index.php(13): CWebApplication->run()
REQUEST_URI=/index.php?r=user/update&id=1
in /www/shenlung/users/shenlung-betaush/www/htdocs/protected/controllers/UserController.php (100)
in /www/shenlung/users/shenlung-betaush/www/htdocs/index.php (13)
2012/01/28 16:30:23 [error] [php] Cannot modify header information - headers already sent by (output started at /www/shenlung/users/shenlung-betaush/www/htdocs/protected/controllers/UserController.php:97) (/www/shenlung/users/shenlung-betaush/www/framework/web/CHttpRequest.php:657)
Stack trace:
#0 /www/shenlung/users/shenlung-betaush/www/htdocs/protected/controllers/UserController.php(98): UserController->redirect()
#1 unknown(0): UserController->actionUpdate()
#2 /www/shenlung/users/shenlung-betaush/www/framework/web/actions/CAction.php(104): ReflectionMethod->invokeArgs()
#3 /www/shenlung/users/shenlung-betaush/www/framework/web/actions/CInlineAction.php(48): CInlineAction->runWithParamsInternal()
#4 /www/shenlung/users/shenlung-betaush/www/framework/web/CController.php(300): CInlineAction->runWithParams()
#5 /www/shenlung/users/shenlung-betaush/www/framework/web/filters/CFilterChain.php(134): UserController->runAction()
#6 /www/shenlung/users/shenlung-betaush/www/framework/web/filters/CFilter.php(41): CFilterChain->run()
#7 /www/shenlung/users/shenlung-betaush/www/framework/web/CController.php(1144): CAccessControlFilter->filter()
#8 /www/shenlung/users/shenlung-betaush/www/framework/web/filters/CInlineFilter.php(59): UserController->filterAccessControl()
#9 /www/shenlung/users/shenlung-betaush/www/framework/web/filters/CFilterChain.php(131): CInlineFilter->filter()
#10 /www/shenlung/users/shenlung-betaush/www/framework/web/CController.php(283): CFilterChain->run()
#11 /www/shenlung/users/shenlung-betaush/www/framework/web/CController.php(257): UserController->runActionWithFilters()
#12 /www/shenlung/users/shenlung-betaush/www/framework/web/CWebApplication.php(277): UserController->run()
#13 /www/shenlung/users/shenlung-betaush/www/framework/web/CWebApplication.php(136): CWebApplication->runController()
#14 /www/shenlung/users/shenlung-betaush/www/framework/base/CApplication.php(158): CWebApplication->processRequest()
#15 /www/shenlung/users/shenlung-betaush/www/htdocs/index.php(13): CWebApplication->run()
REQUEST_URI=/index.php?r=user/update&id=1
in /www/shenlung/users/shenlung-betaush/www/htdocs/protected/controllers/UserController.php (98)
in /www/shenlung/users/shenlung-betaush/www/htdocs/index.php (13)
2012/01/28 16:30:37 [error] [php] Cannot modify header information - headers already sent by (output started at /www/shenlung/users/shenlung-betaush/www/htdocs/protected/controllers/UserController.php:97) (/www/shenlung/users/shenlung-betaush/www/framework/web/CHttpRequest.php:657)
Stack trace:
#0 /www/shenlung/users/shenlung-betaush/www/htdocs/protected/controllers/UserController.php(98): UserController->redirect()
#1 unknown(0): UserController->actionUpdate()
#2 /www/shenlung/users/shenlung-betaush/www/framework/web/actions/CAction.php(104): ReflectionMethod->invokeArgs()
#3 /www/shenlung/users/shenlung-betaush/www/framework/web/actions/CInlineAction.php(48): CInlineAction->runWithParamsInternal()
#4 /www/shenlung/users/shenlung-betaush/www/framework/web/CController.php(300): CInlineAction->runWithParams()
#5 /www/shenlung/users/shenlung-betaush/www/framework/web/filters/CFilterChain.php(134): UserController->runAction()
#6 /www/shenlung/users/shenlung-betaush/www/framework/web/filters/CFilter.php(41): CFilterChain->run()
#7 /www/shenlung/users/shenlung-betaush/www/framework/web/CController.php(1144): CAccessControlFilter->filter()
#8 /www/shenlung/users/shenlung-betaush/www/framework/web/filters/CInlineFilter.php(59): UserController->filterAccessControl()
#9 /www/shenlung/users/shenlung-betaush/www/framework/web/filters/CFilterChain.php(131): CInlineFilter->filter()
#10 /www/shenlung/users/shenlung-betaush/www/framework/web/CController.php(283): CFilterChain->run()
#11 /www/shenlung/users/shenlung-betaush/www/framework/web/CController.php(257): UserController->runActionWithFilters()
#12 /www/shenlung/users/shenlung-betaush/www/framework/web/CWebApplication.php(277): UserController->run()
#13 /www/shenlung/users/shenlung-betaush/www/framework/web/CWebApplication.php(136): CWebApplication->runController()
#14 /www/shenlung/users/shenlung-betaush/www/framework/base/CApplication.php(158): CWebApplication->processRequest()
#15 /www/shenlung/users/shenlung-betaush/www/htdocs/index.php(13): CWebApplication->run()
REQUEST_URI=/index.php?r=user/update&id=1
in /www/shenlung/users/shenlung-betaush/www/htdocs/protected/controllers/UserController.php (98)
in /www/shenlung/users/shenlung-betaush/www/htdocs/index.php (13)
2012/01/28 16:32:07 [error] [php] Cannot modify header information - headers already sent by (output started at /www/shenlung/users/shenlung-betaush/www/framework/db/CDbCommand.php:311) (/www/shenlung/users/shenlung-betaush/www/framework/web/CHttpRequest.php:657)
Stack trace:
#0 /www/shenlung/users/shenlung-betaush/www/htdocs/protected/controllers/UserController.php(97): UserController->redirect()
#1 unknown(0): UserController->actionUpdate()
#2 /www/shenlung/users/shenlung-betaush/www/framework/web/actions/CAction.php(104): ReflectionMethod->invokeArgs()
#3 /www/shenlung/users/shenlung-betaush/www/framework/web/actions/CInlineAction.php(48): CInlineAction->runWithParamsInternal()
#4 /www/shenlung/users/shenlung-betaush/www/framework/web/CController.php(300): CInlineAction->runWithParams()
#5 /www/shenlung/users/shenlung-betaush/www/framework/web/filters/CFilterChain.php(134): UserController->runAction()
#6 /www/shenlung/users/shenlung-betaush/www/framework/web/filters/CFilter.php(41): CFilterChain->run()
#7 /www/shenlung/users/shenlung-betaush/www/framework/web/CController.php(1144): CAccessControlFilter->filter()
#8 /www/shenlung/users/shenlung-betaush/www/framework/web/filters/CInlineFilter.php(59): UserController->filterAccessControl()
#9 /www/shenlung/users/shenlung-betaush/www/framework/web/filters/CFilterChain.php(131): CInlineFilter->filter()
#10 /www/shenlung/users/shenlung-betaush/www/framework/web/CController.php(283): CFilterChain->run()
#11 /www/shenlung/users/shenlung-betaush/www/framework/web/CController.php(257): UserController->runActionWithFilters()
#12 /www/shenlung/users/shenlung-betaush/www/framework/web/CWebApplication.php(277): UserController->run()
#13 /www/shenlung/users/shenlung-betaush/www/framework/web/CWebApplication.php(136): CWebApplication->runController()
#14 /www/shenlung/users/shenlung-betaush/www/framework/base/CApplication.php(158): CWebApplication->processRequest()
#15 /www/shenlung/users/shenlung-betaush/www/htdocs/index.php(13): CWebApplication->run()
REQUEST_URI=/index.php?r=user/update&id=1
in /www/shenlung/users/shenlung-betaush/www/htdocs/protected/controllers/UserController.php (97)
in /www/shenlung/users/shenlung-betaush/www/htdocs/index.php (13)
2012/01/28 16:32:41 [error] [php] Cannot modify header information - headers already sent by (output started at /www/shenlung/users/shenlung-betaush/www/framework/db/CDbCommand.php:311) (/www/shenlung/users/shenlung-betaush/www/framework/web/CHttpRequest.php:657)
Stack trace:
#0 /www/shenlung/users/shenlung-betaush/www/htdocs/protected/controllers/UserController.php(97): UserController->redirect()
#1 unknown(0): UserController->actionUpdate()
#2 /www/shenlung/users/shenlung-betaush/www/framework/web/actions/CAction.php(104): ReflectionMethod->invokeArgs()
#3 /www/shenlung/users/shenlung-betaush/www/framework/web/actions/CInlineAction.php(48): CInlineAction->runWithParamsInternal()
#4 /www/shenlung/users/shenlung-betaush/www/framework/web/CController.php(300): CInlineAction->runWithParams()
#5 /www/shenlung/users/shenlung-betaush/www/framework/web/filters/CFilterChain.php(134): UserController->runAction()
#6 /www/shenlung/users/shenlung-betaush/www/framework/web/filters/CFilter.php(41): CFilterChain->run()
#7 /www/shenlung/users/shenlung-betaush/www/framework/web/CController.php(1144): CAccessControlFilter->filter()
#8 /www/shenlung/users/shenlung-betaush/www/framework/web/filters/CInlineFilter.php(59): UserController->filterAccessControl()
#9 /www/shenlung/users/shenlung-betaush/www/framework/web/filters/CFilterChain.php(131): CInlineFilter->filter()
#10 /www/shenlung/users/shenlung-betaush/www/framework/web/CController.php(283): CFilterChain->run()
#11 /www/shenlung/users/shenlung-betaush/www/framework/web/CController.php(257): UserController->runActionWithFilters()
#12 /www/shenlung/users/shenlung-betaush/www/framework/web/CWebApplication.php(277): UserController->run()
#13 /www/shenlung/users/shenlung-betaush/www/framework/web/CWebApplication.php(136): CWebApplication->runController()
#14 /www/shenlung/users/shenlung-betaush/www/framework/base/CApplication.php(158): CWebApplication->processRequest()
#15 /www/shenlung/users/shenlung-betaush/www/htdocs/index.php(13): CWebApplication->run()
REQUEST_URI=/index.php?r=user/update&id=1
in /www/shenlung/users/shenlung-betaush/www/htdocs/protected/controllers/UserController.php (97)
in /www/shenlung/users/shenlung-betaush/www/htdocs/index.php (13)
2012/01/28 16:32:52 [error] [php] Cannot modify header information - headers already sent by (output started at /www/shenlung/users/shenlung-betaush/www/framework/db/CDbCommand.php:311) (/www/shenlung/users/shenlung-betaush/www/framework/web/CHttpRequest.php:657)
Stack trace:
#0 /www/shenlung/users/shenlung-betaush/www/htdocs/protected/controllers/UserController.php(97): UserController->redirect()
#1 unknown(0): UserController->actionUpdate()
#2 /www/shenlung/users/shenlung-betaush/www/framework/web/actions/CAction.php(104): ReflectionMethod->invokeArgs()
#3 /www/shenlung/users/shenlung-betaush/www/framework/web/actions/CInlineAction.php(48): CInlineAction->runWithParamsInternal()
#4 /www/shenlung/users/shenlung-betaush/www/framework/web/CController.php(300): CInlineAction->runWithParams()
#5 /www/shenlung/users/shenlung-betaush/www/framework/web/filters/CFilterChain.php(134): UserController->runAction()
#6 /www/shenlung/users/shenlung-betaush/www/framework/web/filters/CFilter.php(41): CFilterChain->run()
#7 /www/shenlung/users/shenlung-betaush/www/framework/web/CController.php(1144): CAccessControlFilter->filter()
#8 /www/shenlung/users/shenlung-betaush/www/framework/web/filters/CInlineFilter.php(59): UserController->filterAccessControl()
#9 /www/shenlung/users/shenlung-betaush/www/framework/web/filters/CFilterChain.php(131): CInlineFilter->filter()
#10 /www/shenlung/users/shenlung-betaush/www/framework/web/CController.php(283): CFilterChain->run()
#11 /www/shenlung/users/shenlung-betaush/www/framework/web/CController.php(257): UserController->runActionWithFilters()
#12 /www/shenlung/users/shenlung-betaush/www/framework/web/CWebApplication.php(277): UserController->run()
#13 /www/shenlung/users/shenlung-betaush/www/framework/web/CWebApplication.php(136): CWebApplication->runController()
#14 /www/shenlung/users/shenlung-betaush/www/framework/base/CApplication.php(158): CWebApplication->processRequest()
#15 /www/shenlung/users/shenlung-betaush/www/htdocs/index.php(13): CWebApplication->run()
REQUEST_URI=/index.php?r=user/update&id=1
in /www/shenlung/users/shenlung-betaush/www/htdocs/protected/controllers/UserController.php (97)
in /www/shenlung/users/shenlung-betaush/www/htdocs/index.php (13)
2012/01/28 16:36:13 [error] [php] Cannot modify header information - headers already sent by (output started at /www/shenlung/users/shenlung-betaush/www/framework/db/CDbCommand.php:316) (/www/shenlung/users/shenlung-betaush/www/framework/web/CHttpRequest.php:657)
Stack trace:
#0 /www/shenlung/users/shenlung-betaush/www/htdocs/protected/controllers/UserController.php(97): UserController->redirect()
#1 unknown(0): UserController->actionUpdate()
#2 /www/shenlung/users/shenlung-betaush/www/framework/web/actions/CAction.php(104): ReflectionMethod->invokeArgs()
#3 /www/shenlung/users/shenlung-betaush/www/framework/web/actions/CInlineAction.php(48): CInlineAction->runWithParamsInternal()
#4 /www/shenlung/users/shenlung-betaush/www/framework/web/CController.php(300): CInlineAction->runWithParams()
#5 /www/shenlung/users/shenlung-betaush/www/framework/web/filters/CFilterChain.php(134): UserController->runAction()
#6 /www/shenlung/users/shenlung-betaush/www/framework/web/filters/CFilter.php(41): CFilterChain->run()
#7 /www/shenlung/users/shenlung-betaush/www/framework/web/CController.php(1144): CAccessControlFilter->filter()
#8 /www/shenlung/users/shenlung-betaush/www/framework/web/filters/CInlineFilter.php(59): UserController->filterAccessControl()
#9 /www/shenlung/users/shenlung-betaush/www/framework/web/filters/CFilterChain.php(131): CInlineFilter->filter()
#10 /www/shenlung/users/shenlung-betaush/www/framework/web/CController.php(283): CFilterChain->run()
#11 /www/shenlung/users/shenlung-betaush/www/framework/web/CController.php(257): UserController->runActionWithFilters()
#12 /www/shenlung/users/shenlung-betaush/www/framework/web/CWebApplication.php(277): UserController->run()
#13 /www/shenlung/users/shenlung-betaush/www/framework/web/CWebApplication.php(136): CWebApplication->runController()
#14 /www/shenlung/users/shenlung-betaush/www/framework/base/CApplication.php(158): CWebApplication->processRequest()
#15 /www/shenlung/users/shenlung-betaush/www/htdocs/index.php(13): CWebApplication->run()
REQUEST_URI=/index.php?r=user/update&id=1
in /www/shenlung/users/shenlung-betaush/www/htdocs/protected/controllers/UserController.php (97)
in /www/shenlung/users/shenlung-betaush/www/htdocs/index.php (13)
2012/01/28 16:36:40 [error] [php] Cannot modify header information - headers already sent by (output started at /www/shenlung/users/shenlung-betaush/www/framework/db/CDbCommand.php:316) (/www/shenlung/users/shenlung-betaush/www/framework/web/CHttpRequest.php:657)
Stack trace:
#0 /www/shenlung/users/shenlung-betaush/www/htdocs/protected/controllers/UserController.php(97): UserController->redirect()
#1 unknown(0): UserController->actionUpdate()
#2 /www/shenlung/users/shenlung-betaush/www/framework/web/actions/CAction.php(104): ReflectionMethod->invokeArgs()
#3 /www/shenlung/users/shenlung-betaush/www/framework/web/actions/CInlineAction.php(48): CInlineAction->runWithParamsInternal()
#4 /www/shenlung/users/shenlung-betaush/www/framework/web/CController.php(300): CInlineAction->runWithParams()
#5 /www/shenlung/users/shenlung-betaush/www/framework/web/filters/CFilterChain.php(134): UserController->runAction()
#6 /www/shenlung/users/shenlung-betaush/www/framework/web/filters/CFilter.php(41): CFilterChain->run()
#7 /www/shenlung/users/shenlung-betaush/www/framework/web/CController.php(1144): CAccessControlFilter->filter()
#8 /www/shenlung/users/shenlung-betaush/www/framework/web/filters/CInlineFilter.php(59): UserController->filterAccessControl()
#9 /www/shenlung/users/shenlung-betaush/www/framework/web/filters/CFilterChain.php(131): CInlineFilter->filter()
#10 /www/shenlung/users/shenlung-betaush/www/framework/web/CController.php(283): CFilterChain->run()
#11 /www/shenlung/users/shenlung-betaush/www/framework/web/CController.php(257): UserController->runActionWithFilters()
#12 /www/shenlung/users/shenlung-betaush/www/framework/web/CWebApplication.php(277): UserController->run()
#13 /www/shenlung/users/shenlung-betaush/www/framework/web/CWebApplication.php(136): CWebApplication->runController()
#14 /www/shenlung/users/shenlung-betaush/www/framework/base/CApplication.php(158): CWebApplication->processRequest()
#15 /www/shenlung/users/shenlung-betaush/www/htdocs/index.php(13): CWebApplication->run()
REQUEST_URI=/index.php?r=user/update&id=1
in /www/shenlung/users/shenlung-betaush/www/htdocs/protected/controllers/UserController.php (97)
in /www/shenlung/users/shenlung-betaush/www/htdocs/index.php (13)
2012/01/28 16:36:49 [error] [php] Cannot modify header information - headers already sent by (output started at /www/shenlung/users/shenlung-betaush/www/framework/db/CDbCommand.php:316) (/www/shenlung/users/shenlung-betaush/www/framework/web/CHttpRequest.php:657)
Stack trace:
#0 /www/shenlung/users/shenlung-betaush/www/htdocs/protected/controllers/UserController.php(97): UserController->redirect()
#1 unknown(0): UserController->actionUpdate()
#2 /www/shenlung/users/shenlung-betaush/www/framework/web/actions/CAction.php(104): ReflectionMethod->invokeArgs()
#3 /www/shenlung/users/shenlung-betaush/www/framework/web/actions/CInlineAction.php(48): CInlineAction->runWithParamsInternal()
#4 /www/shenlung/users/shenlung-betaush/www/framework/web/CController.php(300): CInlineAction->runWithParams()
#5 /www/shenlung/users/shenlung-betaush/www/framework/web/filters/CFilterChain.php(134): UserController->runAction()
#6 /www/shenlung/users/shenlung-betaush/www/framework/web/filters/CFilter.php(41): CFilterChain->run()
#7 /www/shenlung/users/shenlung-betaush/www/framework/web/CController.php(1144): CAccessControlFilter->filter()
#8 /www/shenlung/users/shenlung-betaush/www/framework/web/filters/CInlineFilter.php(59): UserController->filterAccessControl()
#9 /www/shenlung/users/shenlung-betaush/www/framework/web/filters/CFilterChain.php(131): CInlineFilter->filter()
#10 /www/shenlung/users/shenlung-betaush/www/framework/web/CController.php(283): CFilterChain->run()
#11 /www/shenlung/users/shenlung-betaush/www/framework/web/CController.php(257): UserController->runActionWithFilters()
#12 /www/shenlung/users/shenlung-betaush/www/framework/web/CWebApplication.php(277): UserController->run()
#13 /www/shenlung/users/shenlung-betaush/www/framework/web/CWebApplication.php(136): CWebApplication->runController()
#14 /www/shenlung/users/shenlung-betaush/www/framework/base/CApplication.php(158): CWebApplication->processRequest()
#15 /www/shenlung/users/shenlung-betaush/www/htdocs/index.php(13): CWebApplication->run()
REQUEST_URI=/index.php?r=user/update&id=1
in /www/shenlung/users/shenlung-betaush/www/htdocs/protected/controllers/UserController.php (97)
in /www/shenlung/users/shenlung-betaush/www/htdocs/index.php (13)
2012/01/28 16:37:52 [error] [php] htmlspecialchars() [<a href='function.htmlspecialchars'>function.htmlspecialchars</a>]: Invalid multibyte sequence in argument (/www/shenlung/users/shenlung-betaush/www/framework/web/helpers/CHtml.php:66)
Stack trace:
#0 /www/shenlung/users/shenlung-betaush/www/framework/utils/CFormatter.php(102): CFormatter->formatText()
#1 /www/shenlung/users/shenlung-betaush/www/framework/zii/widgets/CDetailView.php(212): CFormatter->format()
#2 /www/shenlung/users/shenlung-betaush/www/framework/web/CBaseController.php(166): CDetailView->run()
#3 /www/shenlung/users/shenlung-betaush/www/htdocs/protected/views/user/view.php(30): UserController->widget()
#4 /www/shenlung/users/shenlung-betaush/www/framework/web/CBaseController.php(119): require()
#5 /www/shenlung/users/shenlung-betaush/www/framework/web/CBaseController.php(88): UserController->renderInternal()
#6 /www/shenlung/users/shenlung-betaush/www/framework/web/CController.php(866): UserController->renderFile()
#7 /www/shenlung/users/shenlung-betaush/www/framework/web/CController.php(779): UserController->renderPartial()
#8 /www/shenlung/users/shenlung-betaush/www/htdocs/protected/controllers/UserController.php(55): UserController->render()
#9 unknown(0): UserController->actionView()
#10 /www/shenlung/users/shenlung-betaush/www/framework/web/actions/CAction.php(104): ReflectionMethod->invokeArgs()
#11 /www/shenlung/users/shenlung-betaush/www/framework/web/actions/CInlineAction.php(48): CInlineAction->runWithParamsInternal()
#12 /www/shenlung/users/shenlung-betaush/www/framework/web/CController.php(300): CInlineAction->runWithParams()
#13 /www/shenlung/users/shenlung-betaush/www/framework/web/filters/CFilterChain.php(134): UserController->runAction()
#14 /www/shenlung/users/shenlung-betaush/www/framework/web/filters/CFilter.php(41): CFilterChain->run()
#15 /www/shenlung/users/shenlung-betaush/www/framework/web/CController.php(1144): CAccessControlFilter->filter()
#16 /www/shenlung/users/shenlung-betaush/www/framework/web/filters/CInlineFilter.php(59): UserController->filterAccessControl()
#17 /www/shenlung/users/shenlung-betaush/www/framework/web/filters/CFilterChain.php(131): CInlineFilter->filter()
#18 /www/shenlung/users/shenlung-betaush/www/framework/web/CController.php(283): CFilterChain->run()
#19 /www/shenlung/users/shenlung-betaush/www/framework/web/CController.php(257): UserController->runActionWithFilters()
#20 /www/shenlung/users/shenlung-betaush/www/framework/web/CWebApplication.php(277): UserController->run()
#21 /www/shenlung/users/shenlung-betaush/www/framework/web/CWebApplication.php(136): CWebApplication->runController()
#22 /www/shenlung/users/shenlung-betaush/www/framework/base/CApplication.php(158): CWebApplication->processRequest()
#23 /www/shenlung/users/shenlung-betaush/www/htdocs/index.php(13): CWebApplication->run()
REQUEST_URI=/index.php?r=user/view&id=1
in /www/shenlung/users/shenlung-betaush/www/htdocs/protected/views/user/view.php (30)
in /www/shenlung/users/shenlung-betaush/www/htdocs/protected/controllers/UserController.php (55)
in /www/shenlung/users/shenlung-betaush/www/htdocs/index.php (13)
2012/01/28 16:38:14 [error] [php] htmlspecialchars() [<a href='function.htmlspecialchars'>function.htmlspecialchars</a>]: Invalid multibyte sequence in argument (/www/shenlung/users/shenlung-betaush/www/framework/web/helpers/CHtml.php:66)
Stack trace:
#0 /www/shenlung/users/shenlung-betaush/www/framework/web/helpers/CHtml.php(122): renderAttributes()
#1 /www/shenlung/users/shenlung-betaush/www/framework/web/helpers/CHtml.php(1794): tag()
#2 /www/shenlung/users/shenlung-betaush/www/framework/web/helpers/CHtml.php(1199): activeInputField()
#3 /www/shenlung/users/shenlung-betaush/www/framework/web/widgets/CActiveForm.php(568): activeTextField()
#4 /www/shenlung/users/shenlung-betaush/www/htdocs/protected/views/user/_form.php(20): CActiveForm->textField()
#5 /www/shenlung/users/shenlung-betaush/www/framework/web/CBaseController.php(119): require()
#6 /www/shenlung/users/shenlung-betaush/www/framework/web/CBaseController.php(88): UserController->renderInternal()
#7 /www/shenlung/users/shenlung-betaush/www/framework/web/CController.php(866): UserController->renderFile()
#8 /www/shenlung/users/shenlung-betaush/www/htdocs/protected/views/user/update.php(18): UserController->renderPartial()
#9 /www/shenlung/users/shenlung-betaush/www/framework/web/CBaseController.php(119): require()
#10 /www/shenlung/users/shenlung-betaush/www/framework/web/CBaseController.php(88): UserController->renderInternal()
#11 /www/shenlung/users/shenlung-betaush/www/framework/web/CController.php(866): UserController->renderFile()
#12 /www/shenlung/users/shenlung-betaush/www/framework/web/CController.php(779): UserController->renderPartial()
#13 /www/shenlung/users/shenlung-betaush/www/htdocs/protected/controllers/UserController.php(102): UserController->render()
#14 unknown(0): UserController->actionUpdate()
#15 /www/shenlung/users/shenlung-betaush/www/framework/web/actions/CAction.php(104): ReflectionMethod->invokeArgs()
#16 /www/shenlung/users/shenlung-betaush/www/framework/web/actions/CInlineAction.php(48): CInlineAction->runWithParamsInternal()
#17 /www/shenlung/users/shenlung-betaush/www/framework/web/CController.php(300): CInlineAction->runWithParams()
#18 /www/shenlung/users/shenlung-betaush/www/framework/web/filters/CFilterChain.php(134): UserController->runAction()
#19 /www/shenlung/users/shenlung-betaush/www/framework/web/filters/CFilter.php(41): CFilterChain->run()
#20 /www/shenlung/users/shenlung-betaush/www/framework/web/CController.php(1144): CAccessControlFilter->filter()
#21 /www/shenlung/users/shenlung-betaush/www/framework/web/filters/CInlineFilter.php(59): UserController->filterAccessControl()
#22 /www/shenlung/users/shenlung-betaush/www/framework/web/filters/CFilterChain.php(131): CInlineFilter->filter()
#23 /www/shenlung/users/shenlung-betaush/www/framework/web/CController.php(283): CFilterChain->run()
#24 /www/shenlung/users/shenlung-betaush/www/framework/web/CController.php(257): UserController->runActionWithFilters()
#25 /www/shenlung/users/shenlung-betaush/www/framework/web/CWebApplication.php(277): UserController->run()
#26 /www/shenlung/users/shenlung-betaush/www/framework/web/CWebApplication.php(136): CWebApplication->runController()
#27 /www/shenlung/users/shenlung-betaush/www/framework/base/CApplication.php(158): CWebApplication->processRequest()
#28 /www/shenlung/users/shenlung-betaush/www/htdocs/index.php(13): CWebApplication->run()
REQUEST_URI=/index.php?r=user/update&id=1
in /www/shenlung/users/shenlung-betaush/www/htdocs/protected/views/user/_form.php (20)
in /www/shenlung/users/shenlung-betaush/www/htdocs/protected/views/user/update.php (18)
in /www/shenlung/users/shenlung-betaush/www/htdocs/protected/controllers/UserController.php (102)
2012/01/28 17:03:54 [error] [exception.CHttpException.404] exception 'CHttpException' with message 'The system is unable to find the requested action "loginf".' in /www/shenlung/users/shenlung-betaush/www/framework/web/CController.php:477
Stack trace:
#0 /www/shenlung/users/shenlung-betaush/www/framework/web/CController.php(262): CController->missingAction('loginf')
#1 /www/shenlung/users/shenlung-betaush/www/framework/web/CWebApplication.php(277): CController->run('loginf')
#2 /www/shenlung/users/shenlung-betaush/www/framework/web/CWebApplication.php(136): CWebApplication->runController('site/loginf')
#3 /www/shenlung/users/shenlung-betaush/www/framework/base/CApplication.php(158): CWebApplication->processRequest()
#4 /www/shenlung/users/shenlung-betaush/www/htdocs/index.php(13): CApplication->run()
#5 {main} REQUEST_URI=/index.php?r=site/loginf
2012/01/28 17:07:47 [error] [exception.CHttpException.404] exception 'CHttpException' with message 'Unable to resolve the request "photo".' in /www/shenlung/users/shenlung-betaush/www/framework/web/CWebApplication.php:281
Stack trace:
#0 /www/shenlung/users/shenlung-betaush/www/framework/web/CWebApplication.php(136): CWebApplication->runController('photo')
#1 /www/shenlung/users/shenlung-betaush/www/framework/base/CApplication.php(158): CWebApplication->processRequest()
#2 /www/shenlung/users/shenlung-betaush/www/htdocs/index.php(13): CApplication->run()
#3 {main} REQUEST_URI=/index.php?r=photo
2012/01/28 17:08:14 [error] [exception.CHttpException.404] exception 'CHttpException' with message 'Unable to resolve the request "photo".' in /www/shenlung/users/shenlung-betaush/www/framework/web/CWebApplication.php:281
Stack trace:
#0 /www/shenlung/users/shenlung-betaush/www/framework/web/CWebApplication.php(136): CWebApplication->runController('photo')
#1 /www/shenlung/users/shenlung-betaush/www/framework/base/CApplication.php(158): CWebApplication->processRequest()
#2 /www/shenlung/users/shenlung-betaush/www/htdocs/index.php(13): CApplication->run()
#3 {main} REQUEST_URI=/index.php?r=photo
2012/01/28 17:08:25 [error] [exception.CHttpException.404] exception 'CHttpException' with message 'Unable to resolve the request "photo".' in /www/shenlung/users/shenlung-betaush/www/framework/web/CWebApplication.php:281
Stack trace:
#0 /www/shenlung/users/shenlung-betaush/www/framework/web/CWebApplication.php(136): CWebApplication->runController('photo')
#1 /www/shenlung/users/shenlung-betaush/www/framework/base/CApplication.php(158): CWebApplication->processRequest()
#2 /www/shenlung/users/shenlung-betaush/www/htdocs/index.php(13): CApplication->run()
#3 {main} REQUEST_URI=/index.php?r=photo
2012/01/28 17:08:31 [error] [exception.CHttpException.404] exception 'CHttpException' with message 'Unable to resolve the request "photo".' in /www/shenlung/users/shenlung-betaush/www/framework/web/CWebApplication.php:281
Stack trace:
#0 /www/shenlung/users/shenlung-betaush/www/framework/web/CWebApplication.php(136): CWebApplication->runController('photo')
#1 /www/shenlung/users/shenlung-betaush/www/framework/base/CApplication.php(158): CWebApplication->processRequest()
#2 /www/shenlung/users/shenlung-betaush/www/htdocs/index.php(13): CApplication->run()
#3 {main} REQUEST_URI=/index.php?r=photo
2012/01/28 17:08:58 [error] [exception.CHttpException.404] exception 'CHttpException' with message 'Unable to resolve the request "photo".' in /www/shenlung/users/shenlung-betaush/www/framework/web/CWebApplication.php:281
Stack trace:
#0 /www/shenlung/users/shenlung-betaush/www/framework/web/CWebApplication.php(136): CWebApplication->runController('photo')
#1 /www/shenlung/users/shenlung-betaush/www/framework/base/CApplication.php(158): CWebApplication->processRequest()
#2 /www/shenlung/users/shenlung-betaush/www/htdocs/index.php(13): CApplication->run()
#3 {main} REQUEST_URI=/index.php?r=photo
2012/01/28 17:09:05 [error] [exception.CHttpException.404] exception 'CHttpException' with message 'Unable to resolve the request "photo".' in /www/shenlung/users/shenlung-betaush/www/framework/web/CWebApplication.php:281
Stack trace:
#0 /www/shenlung/users/shenlung-betaush/www/framework/web/CWebApplication.php(136): CWebApplication->runController('photo')
#1 /www/shenlung/users/shenlung-betaush/www/framework/base/CApplication.php(158): CWebApplication->processRequest()
#2 /www/shenlung/users/shenlung-betaush/www/htdocs/index.php(13): CApplication->run()
#3 {main} REQUEST_URI=/index.php?r=photo
2012/01/28 17:10:10 [error] [exception.CHttpException.404] exception 'CHttpException' with message 'Unable to resolve the request "photo".' in /www/shenlung/users/shenlung-betaush/www/framework/web/CWebApplication.php:281
Stack trace:
#0 /www/shenlung/users/shenlung-betaush/www/framework/web/CWebApplication.php(136): CWebApplication->runController('photo')
#1 /www/shenlung/users/shenlung-betaush/www/framework/base/CApplication.php(158): CWebApplication->processRequest()
#2 /www/shenlung/users/shenlung-betaush/www/htdocs/index.php(13): CApplication->run()
#3 {main} REQUEST_URI=/index.php?r=photo
2012/01/28 17:20:35 [error] [exception.CHttpException.404] exception 'CHttpException' with message 'Unable to resolve the request "photo".' in /www/shenlung/users/shenlung-betaush/www/framework/web/CWebApplication.php:281
Stack trace:
#0 /www/shenlung/users/shenlung-betaush/www/framework/web/CWebApplication.php(136): CWebApplication->runController('photo')
#1 /www/shenlung/users/shenlung-betaush/www/framework/base/CApplication.php(158): CWebApplication->processRequest()
#2 /www/shenlung/users/shenlung-betaush/www/htdocs/index.php(13): CApplication->run()
#3 {main} REQUEST_URI=/index.php?r=photo
2012/01/28 17:20:44 [error] [exception.CHttpException.404] exception 'CHttpException' with message 'Unable to resolve the request "photo".' in /www/shenlung/users/shenlung-betaush/www/framework/web/CWebApplication.php:281
Stack trace:
#0 /www/shenlung/users/shenlung-betaush/www/framework/web/CWebApplication.php(136): CWebApplication->runController('photo')
#1 /www/shenlung/users/shenlung-betaush/www/framework/base/CApplication.php(158): CWebApplication->processRequest()
#2 /www/shenlung/users/shenlung-betaush/www/htdocs/index.php(13): CApplication->run()
#3 {main} REQUEST_URI=/index.php?r=photo
2012/01/28 18:08:52 [error] [exception.CHttpException.404] exception 'CHttpException' with message 'Unable to resolve the request "ןרר".' in /www/shenlung/users/shenlung-betaush/www/framework/web/CWebApplication.php:281
Stack trace:
#0 /www/shenlung/users/shenlung-betaush/www/framework/web/CWebApplication.php(136): CWebApplication->runController('???')
#1 /www/shenlung/users/shenlung-betaush/www/framework/base/CApplication.php(158): CWebApplication->processRequest()
#2 /www/shenlung/users/shenlung-betaush/www/htdocs/index.php(13): CApplication->run()
#3 {main} REQUEST_URI=/index.php?r=%EF%F8%F8
2012/01/29 18:49:59 [error] [exception.Exception] exception 'Exception' with message 'Photo controller actionCreate: there is no album id given: ' in /www/shenlung/users/shenlung-betaush/www/htdocs/protected/controllers/PhotoController.php:65
Stack trace:
#0 [internal function]: PhotoController->actionCreate(false)
#1 /www/shenlung/users/shenlung-betaush/www/framework/web/actions/CAction.php(104): ReflectionMethod->invokeArgs(Object(PhotoController), Array)
#2 /www/shenlung/users/shenlung-betaush/www/framework/web/actions/CInlineAction.php(48): CAction->runWithParamsInternal(Object(PhotoController), Object(ReflectionMethod), Array)
#3 /www/shenlung/users/shenlung-betaush/www/framework/web/CController.php(300): CInlineAction->runWithParams(Array)
#4 /www/shenlung/users/shenlung-betaush/www/framework/web/filters/CFilterChain.php(134): CController->runAction(Object(CInlineAction))
#5 /www/shenlung/users/shenlung-betaush/www/framework/web/filters/CFilter.php(41): CFilterChain->run()
#6 /www/shenlung/users/shenlung-betaush/www/framework/web/CController.php(1144): CFilter->filter(Object(CFilterChain))
#7 /www/shenlung/users/shenlung-betaush/www/framework/web/filters/CInlineFilter.php(59): CController->filterAccessControl(Object(CFilterChain))
#8 /www/shenlung/users/shenlung-betaush/www/framework/web/filters/CFilterChain.php(131): CInlineFilter->filter(Object(CFilterChain))
#9 /www/shenlung/users/shenlung-betaush/www/framework/web/CController.php(283): CFilterChain->run()
#10 /www/shenlung/users/shenlung-betaush/www/framework/web/CController.php(257): CController->runActionWithFilters(Object(CInlineAction), Array)
#11 /www/shenlung/users/shenlung-betaush/www/framework/web/CWebApplication.php(277): CController->run('create')
#12 /www/shenlung/users/shenlung-betaush/www/framework/web/CWebApplication.php(136): CWebApplication->runController('photo/create')
#13 /www/shenlung/users/shenlung-betaush/www/framework/base/CApplication.php(158): CWebApplication->processRequest()
#14 /www/shenlung/users/shenlung-betaush/www/htdocs/index.php(13): CApplication->run()
#15 {main} REQUEST_URI=/index.php?r=photo/create
2012/01/29 18:50:12 [error] [exception.Exception] exception 'Exception' with message 'Photo controller actionCreate: there is no album id given' in /www/shenlung/users/shenlung-betaush/www/htdocs/protected/controllers/PhotoController.php:65
Stack trace:
#0 [internal function]: PhotoController->actionCreate(false)
#1 /www/shenlung/users/shenlung-betaush/www/framework/web/actions/CAction.php(104): ReflectionMethod->invokeArgs(Object(PhotoController), Array)
#2 /www/shenlung/users/shenlung-betaush/www/framework/web/actions/CInlineAction.php(48): CAction->runWithParamsInternal(Object(PhotoController), Object(ReflectionMethod), Array)
#3 /www/shenlung/users/shenlung-betaush/www/framework/web/CController.php(300): CInlineAction->runWithParams(Array)
#4 /www/shenlung/users/shenlung-betaush/www/framework/web/filters/CFilterChain.php(134): CController->runAction(Object(CInlineAction))
#5 /www/shenlung/users/shenlung-betaush/www/framework/web/filters/CFilter.php(41): CFilterChain->run()
#6 /www/shenlung/users/shenlung-betaush/www/framework/web/CController.php(1144): CFilter->filter(Object(CFilterChain))
#7 /www/shenlung/users/shenlung-betaush/www/framework/web/filters/CInlineFilter.php(59): CController->filterAccessControl(Object(CFilterChain))
#8 /www/shenlung/users/shenlung-betaush/www/framework/web/filters/CFilterChain.php(131): CInlineFilter->filter(Object(CFilterChain))
#9 /www/shenlung/users/shenlung-betaush/www/framework/web/CController.php(283): CFilterChain->run()
#10 /www/shenlung/users/shenlung-betaush/www/framework/web/CController.php(257): CController->runActionWithFilters(Object(CInlineAction), Array)
#11 /www/shenlung/users/shenlung-betaush/www/framework/web/CWebApplication.php(277): CController->run('create')
#12 /www/shenlung/users/shenlung-betaush/www/framework/web/CWebApplication.php(136): CWebApplication->runController('photo/create')
#13 /www/shenlung/users/shenlung-betaush/www/framework/base/CApplication.php(158): CWebApplication->processRequest()
#14 /www/shenlung/users/shenlung-betaush/www/htdocs/index.php(13): CApplication->run()
#15 {main} REQUEST_URI=/index.php?r=photo/create
2012/01/29 18:51:29 [error] [exception.Exception] exception 'Exception' with message 'Photo controller actionCreate: there is no album id given' in /www/shenlung/users/shenlung-betaush/www/htdocs/protected/controllers/PhotoController.php:65
Stack trace:
#0 [internal function]: PhotoController->actionCreate(false)
#1 /www/shenlung/users/shenlung-betaush/www/framework/web/actions/CAction.php(104): ReflectionMethod->invokeArgs(Object(PhotoController), Array)
#2 /www/shenlung/users/shenlung-betaush/www/framework/web/actions/CInlineAction.php(48): CAction->runWithParamsInternal(Object(PhotoController), Object(ReflectionMethod), Array)
#3 /www/shenlung/users/shenlung-betaush/www/framework/web/CController.php(300): CInlineAction->runWithParams(Array)
#4 /www/shenlung/users/shenlung-betaush/www/framework/web/filters/CFilterChain.php(134): CController->runAction(Object(CInlineAction))
#5 /www/shenlung/users/shenlung-betaush/www/framework/web/filters/CFilter.php(41): CFilterChain->run()
#6 /www/shenlung/users/shenlung-betaush/www/framework/web/CController.php(1144): CFilter->filter(Object(CFilterChain))
#7 /www/shenlung/users/shenlung-betaush/www/framework/web/filters/CInlineFilter.php(59): CController->filterAccessControl(Object(CFilterChain))
#8 /www/shenlung/users/shenlung-betaush/www/framework/web/filters/CFilterChain.php(131): CInlineFilter->filter(Object(CFilterChain))
#9 /www/shenlung/users/shenlung-betaush/www/framework/web/CController.php(283): CFilterChain->run()
#10 /www/shenlung/users/shenlung-betaush/www/framework/web/CController.php(257): CController->runActionWithFilters(Object(CInlineAction), Array)
#11 /www/shenlung/users/shenlung-betaush/www/framework/web/CWebApplication.php(277): CController->run('create')
#12 /www/shenlung/users/shenlung-betaush/www/framework/web/CWebApplication.php(136): CWebApplication->runController('photo/create')
#13 /www/shenlung/users/shenlung-betaush/www/framework/base/CApplication.php(158): CWebApplication->processRequest()
#14 /www/shenlung/users/shenlung-betaush/www/htdocs/index.php(13): CApplication->run()
#15 {main} REQUEST_URI=/index.php?r=photo/create&id=3
2012/01/29 19:01:22 [error] [php] Indirect modification of overloaded property Photo::$albums has no effect (/www/shenlung/users/shenlung-betaush/www/htdocs/protected/controllers/PhotoController.php:69)
Stack trace:
#0 /www/shenlung/users/shenlung-betaush/www/framework/web/actions/CInlineAction.php(48): CInlineAction->runWithParamsInternal()
#1 /www/shenlung/users/shenlung-betaush/www/framework/web/CController.php(300): CInlineAction->runWithParams()
#2 /www/shenlung/users/shenlung-betaush/www/framework/web/filters/CFilterChain.php(134): PhotoController->runAction()
#3 /www/shenlung/users/shenlung-betaush/www/framework/web/filters/CFilter.php(41): CFilterChain->run()
#4 /www/shenlung/users/shenlung-betaush/www/framework/web/CController.php(1144): CAccessControlFilter->filter()
#5 /www/shenlung/users/shenlung-betaush/www/framework/web/filters/CInlineFilter.php(59): PhotoController->filterAccessControl()
#6 /www/shenlung/users/shenlung-betaush/www/framework/web/filters/CFilterChain.php(131): CInlineFilter->filter()
#7 /www/shenlung/users/shenlung-betaush/www/framework/web/CController.php(283): CFilterChain->run()
#8 /www/shenlung/users/shenlung-betaush/www/framework/web/CController.php(257): PhotoController->runActionWithFilters()
#9 /www/shenlung/users/shenlung-betaush/www/framework/web/CWebApplication.php(277): PhotoController->run()
#10 /www/shenlung/users/shenlung-betaush/www/framework/web/CWebApplication.php(136): CWebApplication->runController()
#11 /www/shenlung/users/shenlung-betaush/www/framework/base/CApplication.php(158): CWebApplication->processRequest()
#12 /www/shenlung/users/shenlung-betaush/www/htdocs/index.php(13): CWebApplication->run()
REQUEST_URI=/index.php?r=photo/create&id=3
in /www/shenlung/users/shenlung-betaush/www/htdocs/protected/controllers/PhotoController.php (69)
in /www/shenlung/users/shenlung-betaush/www/htdocs/index.php (13)
2012/01/29 19:02:03 [error] [php] Indirect modification of overloaded property Photo::$albums has no effect (/www/shenlung/users/shenlung-betaush/www/htdocs/protected/controllers/PhotoController.php:70)
Stack trace:
#0 /www/shenlung/users/shenlung-betaush/www/framework/web/actions/CInlineAction.php(48): CInlineAction->runWithParamsInternal()
#1 /www/shenlung/users/shenlung-betaush/www/framework/web/CController.php(300): CInlineAction->runWithParams()
#2 /www/shenlung/users/shenlung-betaush/www/framework/web/filters/CFilterChain.php(134): PhotoController->runAction()
#3 /www/shenlung/users/shenlung-betaush/www/framework/web/filters/CFilter.php(41): CFilterChain->run()
#4 /www/shenlung/users/shenlung-betaush/www/framework/web/CController.php(1144): CAccessControlFilter->filter()
#5 /www/shenlung/users/shenlung-betaush/www/framework/web/filters/CInlineFilter.php(59): PhotoController->filterAccessControl()
#6 /www/shenlung/users/shenlung-betaush/www/framework/web/filters/CFilterChain.php(131): CInlineFilter->filter()
#7 /www/shenlung/users/shenlung-betaush/www/framework/web/CController.php(283): CFilterChain->run()
#8 /www/shenlung/users/shenlung-betaush/www/framework/web/CController.php(257): PhotoController->runActionWithFilters()
#9 /www/shenlung/users/shenlung-betaush/www/framework/web/CWebApplication.php(277): PhotoController->run()
#10 /www/shenlung/users/shenlung-betaush/www/framework/web/CWebApplication.php(136): CWebApplication->runController()
#11 /www/shenlung/users/shenlung-betaush/www/framework/base/CApplication.php(158): CWebApplication->processRequest()
#12 /www/shenlung/users/shenlung-betaush/www/htdocs/index.php(13): CWebApplication->run()
REQUEST_URI=/index.php?r=photo/create&id=3
in /www/shenlung/users/shenlung-betaush/www/htdocs/protected/controllers/PhotoController.php (70)
in /www/shenlung/users/shenlung-betaush/www/htdocs/index.php (13)
2012/01/29 19:03:27 [error] [php] Indirect modification of overloaded property Photo::$albums has no effect (/www/shenlung/users/shenlung-betaush/www/htdocs/protected/controllers/PhotoController.php:70)
Stack trace:
#0 /www/shenlung/users/shenlung-betaush/www/framework/web/actions/CInlineAction.php(48): CInlineAction->runWithParamsInternal()
#1 /www/shenlung/users/shenlung-betaush/www/framework/web/CController.php(300): CInlineAction->runWithParams()
#2 /www/shenlung/users/shenlung-betaush/www/framework/web/filters/CFilterChain.php(134): PhotoController->runAction()
#3 /www/shenlung/users/shenlung-betaush/www/framework/web/filters/CFilter.php(41): CFilterChain->run()
#4 /www/shenlung/users/shenlung-betaush/www/framework/web/CController.php(1144): CAccessControlFilter->filter()
#5 /www/shenlung/users/shenlung-betaush/www/framework/web/filters/CInlineFilter.php(59): PhotoController->filterAccessControl()
#6 /www/shenlung/users/shenlung-betaush/www/framework/web/filters/CFilterChain.php(131): CInlineFilter->filter()
#7 /www/shenlung/users/shenlung-betaush/www/framework/web/CController.php(283): CFilterChain->run()
#8 /www/shenlung/users/shenlung-betaush/www/framework/web/CController.php(257): PhotoController->runActionWithFilters()
#9 /www/shenlung/users/shenlung-betaush/www/framework/web/CWebApplication.php(277): PhotoController->run()
#10 /www/shenlung/users/shenlung-betaush/www/framework/web/CWebApplication.php(136): CWebApplication->runController()
#11 /www/shenlung/users/shenlung-betaush/www/framework/base/CApplication.php(158): CWebApplication->processRequest()
#12 /www/shenlung/users/shenlung-betaush/www/htdocs/index.php(13): CWebApplication->run()
REQUEST_URI=/index.php?r=photo/create&id=3
in /www/shenlung/users/shenlung-betaush/www/htdocs/protected/controllers/PhotoController.php (70)
in /www/shenlung/users/shenlung-betaush/www/htdocs/index.php (13)
2012/01/29 19:07:25 [error] [php] array_merge() [<a href='function.array-merge'>function.array-merge</a>]: Argument #2 is not an array (/www/shenlung/users/shenlung-betaush/www/htdocs/protected/controllers/PhotoController.php:70)
Stack trace:
#0 /www/shenlung/users/shenlung-betaush/www/framework/web/actions/CAction.php(104): ReflectionMethod->invokeArgs()
#1 /www/shenlung/users/shenlung-betaush/www/framework/web/actions/CInlineAction.php(48): CInlineAction->runWithParamsInternal()
#2 /www/shenlung/users/shenlung-betaush/www/framework/web/CController.php(300): CInlineAction->runWithParams()
#3 /www/shenlung/users/shenlung-betaush/www/framework/web/filters/CFilterChain.php(134): PhotoController->runAction()
#4 /www/shenlung/users/shenlung-betaush/www/framework/web/filters/CFilter.php(41): CFilterChain->run()
#5 /www/shenlung/users/shenlung-betaush/www/framework/web/CController.php(1144): CAccessControlFilter->filter()
#6 /www/shenlung/users/shenlung-betaush/www/framework/web/filters/CInlineFilter.php(59): PhotoController->filterAccessControl()
#7 /www/shenlung/users/shenlung-betaush/www/framework/web/filters/CFilterChain.php(131): CInlineFilter->filter()
#8 /www/shenlung/users/shenlung-betaush/www/framework/web/CController.php(283): CFilterChain->run()
#9 /www/shenlung/users/shenlung-betaush/www/framework/web/CController.php(257): PhotoController->runActionWithFilters()
#10 /www/shenlung/users/shenlung-betaush/www/framework/web/CWebApplication.php(277): PhotoController->run()
#11 /www/shenlung/users/shenlung-betaush/www/framework/web/CWebApplication.php(136): CWebApplication->runController()
#12 /www/shenlung/users/shenlung-betaush/www/framework/base/CApplication.php(158): CWebApplication->processRequest()
#13 /www/shenlung/users/shenlung-betaush/www/htdocs/index.php(13): CWebApplication->run()
REQUEST_URI=/index.php?r=photo/create&id=3
in /www/shenlung/users/shenlung-betaush/www/htdocs/protected/controllers/PhotoController.php (70)
in /www/shenlung/users/shenlung-betaush/www/htdocs/index.php (13)
2012/01/29 19:26:46 [error] [exception.CHttpException.404] exception 'CHttpException' with message 'The system is unable to find the requested action "upload".' in /www/shenlung/users/shenlung-betaush/www/framework/web/CController.php:477
Stack trace:
#0 /www/shenlung/users/shenlung-betaush/www/framework/web/CController.php(262): CController->missingAction('upload')
#1 /www/shenlung/users/shenlung-betaush/www/framework/web/CWebApplication.php(277): CController->run('upload')
#2 /www/shenlung/users/shenlung-betaush/www/framework/web/CWebApplication.php(136): CWebApplication->runController('site/upload')
#3 /www/shenlung/users/shenlung-betaush/www/framework/base/CApplication.php(158): CWebApplication->processRequest()
#4 /www/shenlung/users/shenlung-betaush/www/htdocs/index.php(13): CApplication->run()
#5 {main} REQUEST_URI=/index.php?r=site/upload
2012/01/29 19:26:47 [error] [exception.CHttpException.404] exception 'CHttpException' with message 'The system is unable to find the requested action "upload".' in /www/shenlung/users/shenlung-betaush/www/framework/web/CController.php:477
Stack trace:
#0 /www/shenlung/users/shenlung-betaush/www/framework/web/CController.php(262): CController->missingAction('upload')
#1 /www/shenlung/users/shenlung-betaush/www/framework/web/CWebApplication.php(277): CController->run('upload')
#2 /www/shenlung/users/shenlung-betaush/www/framework/web/CWebApplication.php(136): CWebApplication->runController('site/upload')
#3 /www/shenlung/users/shenlung-betaush/www/framework/base/CApplication.php(158): CWebApplication->processRequest()
#4 /www/shenlung/users/shenlung-betaush/www/htdocs/index.php(13): CApplication->run()
#5 {main} REQUEST_URI=/index.php?r=site/upload
2012/01/29 19:31:39 [error] [exception.CHttpException.403] exception 'CHttpException' with message 'You are not authorized to perform this action.' in /www/shenlung/users/shenlung-betaush/www/framework/web/auth/CAccessControlFilter.php:158
Stack trace:
#0 /www/shenlung/users/shenlung-betaush/www/framework/web/auth/CAccessControlFilter.php(120): CAccessControlFilter->accessDenied(Object(CWebUser), 'You are not aut...')
#1 /www/shenlung/users/shenlung-betaush/www/framework/web/filters/CFilter.php(39): CAccessControlFilter->preFilter(Object(CFilterChain))
#2 /www/shenlung/users/shenlung-betaush/www/framework/web/CController.php(1144): CFilter->filter(Object(CFilterChain))
#3 /www/shenlung/users/shenlung-betaush/www/framework/web/filters/CInlineFilter.php(59): CController->filterAccessControl(Object(CFilterChain))
#4 /www/shenlung/users/shenlung-betaush/www/framework/web/filters/CFilterChain.php(131): CInlineFilter->filter(Object(CFilterChain))
#5 /www/shenlung/users/shenlung-betaush/www/framework/web/CController.php(283): CFilterChain->run()
#6 /www/shenlung/users/shenlung-betaush/www/framework/web/CController.php(257): CController->runActionWithFilters(Object(CInlineAction), Array)
#7 /www/shenlung/users/shenlung-betaush/www/framework/web/CWebApplication.php(277): CController->run('upload')
#8 /www/shenlung/users/shenlung-betaush/www/framework/web/CWebApplication.php(136): CWebApplication->runController('photo/upload')
#9 /www/shenlung/users/shenlung-betaush/www/framework/base/CApplication.php(158): CWebApplication->processRequest()
#10 /www/shenlung/users/shenlung-betaush/www/htdocs/index.php(13): CApplication->run()
#11 {main} REQUEST_URI=/index.php?r=photo/upload
2012/01/29 19:32:01 [error] [exception.CHttpException.403] exception 'CHttpException' with message 'You are not authorized to perform this action.' in /www/shenlung/users/shenlung-betaush/www/framework/web/auth/CAccessControlFilter.php:158
Stack trace:
#0 /www/shenlung/users/shenlung-betaush/www/framework/web/auth/CAccessControlFilter.php(120): CAccessControlFilter->accessDenied(Object(CWebUser), 'You are not aut...')
#1 /www/shenlung/users/shenlung-betaush/www/framework/web/filters/CFilter.php(39): CAccessControlFilter->preFilter(Object(CFilterChain))
#2 /www/shenlung/users/shenlung-betaush/www/framework/web/CController.php(1144): CFilter->filter(Object(CFilterChain))
#3 /www/shenlung/users/shenlung-betaush/www/framework/web/filters/CInlineFilter.php(59): CController->filterAccessControl(Object(CFilterChain))
#4 /www/shenlung/users/shenlung-betaush/www/framework/web/filters/CFilterChain.php(131): CInlineFilter->filter(Object(CFilterChain))
#5 /www/shenlung/users/shenlung-betaush/www/framework/web/CController.php(283): CFilterChain->run()
#6 /www/shenlung/users/shenlung-betaush/www/framework/web/CController.php(257): CController->runActionWithFilters(Object(CInlineAction), Array)
#7 /www/shenlung/users/shenlung-betaush/www/framework/web/CWebApplication.php(277): CController->run('upload')
#8 /www/shenlung/users/shenlung-betaush/www/framework/web/CWebApplication.php(136): CWebApplication->runController('photo/upload')
#9 /www/shenlung/users/shenlung-betaush/www/framework/base/CApplication.php(158): CWebApplication->processRequest()
#10 /www/shenlung/users/shenlung-betaush/www/htdocs/index.php(13): CApplication->run()
#11 {main} REQUEST_URI=/index.php?r=photo/upload
2012/01/29 19:32:44 [error] [exception.CHttpException.403] exception 'CHttpException' with message 'You are not authorized to perform this action.' in /www/shenlung/users/shenlung-betaush/www/framework/web/auth/CAccessControlFilter.php:158
Stack trace:
#0 /www/shenlung/users/shenlung-betaush/www/framework/web/auth/CAccessControlFilter.php(120): CAccessControlFilter->accessDenied(Object(CWebUser), 'You are not aut...')
#1 /www/shenlung/users/shenlung-betaush/www/framework/web/filters/CFilter.php(39): CAccessControlFilter->preFilter(Object(CFilterChain))
#2 /www/shenlung/users/shenlung-betaush/www/framework/web/CController.php(1144): CFilter->filter(Object(CFilterChain))
#3 /www/shenlung/users/shenlung-betaush/www/framework/web/filters/CInlineFilter.php(59): CController->filterAccessControl(Object(CFilterChain))
#4 /www/shenlung/users/shenlung-betaush/www/framework/web/filters/CFilterChain.php(131): CInlineFilter->filter(Object(CFilterChain))
#5 /www/shenlung/users/shenlung-betaush/www/framework/web/CController.php(283): CFilterChain->run()
#6 /www/shenlung/users/shenlung-betaush/www/framework/web/CController.php(257): CController->runActionWithFilters(Object(CInlineAction), Array)
#7 /www/shenlung/users/shenlung-betaush/www/framework/web/CWebApplication.php(277): CController->run('upload')
#8 /www/shenlung/users/shenlung-betaush/www/framework/web/CWebApplication.php(136): CWebApplication->runController('photo/upload')
#9 /www/shenlung/users/shenlung-betaush/www/framework/base/CApplication.php(158): CWebApplication->processRequest()
#10 /www/shenlung/users/shenlung-betaush/www/htdocs/index.php(13): CApplication->run()
#11 {main} REQUEST_URI=/index.php?r=photo/upload
2012/01/29 19:35:38 [error] [exception.CHttpException.404] exception 'CHttpException' with message 'The system is unable to find the requested action "upload".' in /www/shenlung/users/shenlung-betaush/www/framework/web/CController.php:477
Stack trace:
#0 /www/shenlung/users/shenlung-betaush/www/framework/web/CController.php(262): CController->missingAction('upload')
#1 /www/shenlung/users/shenlung-betaush/www/framework/web/CWebApplication.php(277): CController->run('upload')
#2 /www/shenlung/users/shenlung-betaush/www/framework/web/CWebApplication.php(136): CWebApplication->runController('site/upload')
#3 /www/shenlung/users/shenlung-betaush/www/framework/base/CApplication.php(158): CWebApplication->processRequest()
#4 /www/shenlung/users/shenlung-betaush/www/htdocs/index.php(13): CApplication->run()
#5 {main} REQUEST_URI=/index.php?r=site/upload
2012/01/29 19:39:40 [error] [exception.CHttpException.404] exception 'CHttpException' with message 'The system is unable to find the requested action "upload".' in /www/shenlung/users/shenlung-betaush/www/framework/web/CController.php:477
Stack trace:
#0 /www/shenlung/users/shenlung-betaush/www/framework/web/CController.php(262): CController->missingAction('upload')
#1 /www/shenlung/users/shenlung-betaush/www/framework/web/CWebApplication.php(277): CController->run('upload')
#2 /www/shenlung/users/shenlung-betaush/www/framework/web/CWebApplication.php(136): CWebApplication->runController('site/upload')
#3 /www/shenlung/users/shenlung-betaush/www/framework/base/CApplication.php(158): CWebApplication->processRequest()
#4 /www/shenlung/users/shenlung-betaush/www/htdocs/index.php(13): CApplication->run()
#5 {main} REQUEST_URI=/index.php?r=site/upload
2012/01/29 19:40:04 [error] [exception.CHttpException.404] exception 'CHttpException' with message 'The system is unable to find the requested action "upload".' in /www/shenlung/users/shenlung-betaush/www/framework/web/CController.php:477
Stack trace:
#0 /www/shenlung/users/shenlung-betaush/www/framework/web/CController.php(262): CController->missingAction('upload')
#1 /www/shenlung/users/shenlung-betaush/www/framework/web/CWebApplication.php(277): CController->run('upload')
#2 /www/shenlung/users/shenlung-betaush/www/framework/web/CWebApplication.php(136): CWebApplication->runController('site/upload')
#3 /www/shenlung/users/shenlung-betaush/www/framework/base/CApplication.php(158): CWebApplication->processRequest()
#4 /www/shenlung/users/shenlung-betaush/www/htdocs/index.php(13): CApplication->run()
#5 {main} REQUEST_URI=/index.php?r=site/upload
2012/01/29 19:41:07 [error] [exception.CHttpException.404] exception 'CHttpException' with message 'The requested page does not exist.' in /www/shenlung/users/shenlung-betaush/www/htdocs/protected/controllers/PhotoController.php:181
Stack trace:
#0 /www/shenlung/users/shenlung-betaush/www/htdocs/protected/controllers/PhotoController.php(104): PhotoController->loadModel('3')
#1 [internal function]: PhotoController->actionUpdate('3')
#2 /www/shenlung/users/shenlung-betaush/www/framework/web/actions/CAction.php(104): ReflectionMethod->invokeArgs(Object(PhotoController), Array)
#3 /www/shenlung/users/shenlung-betaush/www/framework/web/actions/CInlineAction.php(48): CAction->runWithParamsInternal(Object(PhotoController), Object(ReflectionMethod), Array)
#4 /www/shenlung/users/shenlung-betaush/www/framework/web/CController.php(300): CInlineAction->runWithParams(Array)
#5 /www/shenlung/users/shenlung-betaush/www/framework/web/filters/CFilterChain.php(134): CController->runAction(Object(CInlineAction))
#6 /www/shenlung/users/shenlung-betaush/www/framework/web/filters/CFilter.php(41): CFilterChain->run()
#7 /www/shenlung/users/shenlung-betaush/www/framework/web/CController.php(1144): CFilter->filter(Object(CFilterChain))
#8 /www/shenlung/users/shenlung-betaush/www/framework/web/filters/CInlineFilter.php(59): CController->filterAccessControl(Object(CFilterChain))
#9 /www/shenlung/users/shenlung-betaush/www/framework/web/filters/CFilterChain.php(131): CInlineFilter->filter(Object(CFilterChain))
#10 /www/shenlung/users/shenlung-betaush/www/framework/web/CController.php(283): CFilterChain->run()
#11 /www/shenlung/users/shenlung-betaush/www/framework/web/CController.php(257): CController->runActionWithFilters(Object(CInlineAction), Array)
#12 /www/shenlung/users/shenlung-betaush/www/framework/web/CWebApplication.php(277): CController->run('update')
#13 /www/shenlung/users/shenlung-betaush/www/framework/web/CWebApplication.php(136): CWebApplication->runController('photo/update')
#14 /www/shenlung/users/shenlung-betaush/www/framework/base/CApplication.php(158): CWebApplication->processRequest()
#15 /www/shenlung/users/shenlung-betaush/www/htdocs/index.php(13): CApplication->run()
#16 {main} REQUEST_URI=/index.php?r=photo/update&id=3
2012/01/29 19:41:21 [error] [php] Undefined index:  Filedata (/www/shenlung/users/shenlung-betaush/www/htdocs/protected/controllers/PhotoController.php:168)
Stack trace:
#0 /www/shenlung/users/shenlung-betaush/www/framework/web/filters/CFilterChain.php(134): PhotoController->runAction()
#1 /www/shenlung/users/shenlung-betaush/www/framework/web/filters/CFilter.php(41): CFilterChain->run()
#2 /www/shenlung/users/shenlung-betaush/www/framework/web/CController.php(1144): CAccessControlFilter->filter()
#3 /www/shenlung/users/shenlung-betaush/www/framework/web/filters/CInlineFilter.php(59): PhotoController->filterAccessControl()
#4 /www/shenlung/users/shenlung-betaush/www/framework/web/filters/CFilterChain.php(131): CInlineFilter->filter()
#5 /www/shenlung/users/shenlung-betaush/www/framework/web/CController.php(283): CFilterChain->run()
#6 /www/shenlung/users/shenlung-betaush/www/framework/web/CController.php(257): PhotoController->runActionWithFilters()
#7 /www/shenlung/users/shenlung-betaush/www/framework/web/CWebApplication.php(277): PhotoController->run()
#8 /www/shenlung/users/shenlung-betaush/www/framework/web/CWebApplication.php(136): CWebApplication->runController()
#9 /www/shenlung/users/shenlung-betaush/www/framework/base/CApplication.php(158): CWebApplication->processRequest()
#10 /www/shenlung/users/shenlung-betaush/www/htdocs/index.php(13): CWebApplication->run()
REQUEST_URI=/index.php?r=photo/upload&id=3
in /www/shenlung/users/shenlung-betaush/www/htdocs/protected/controllers/PhotoController.php (168)
in /www/shenlung/users/shenlung-betaush/www/htdocs/index.php (13)
2012/01/29 19:42:09 [error] [exception.CHttpException.404] exception 'CHttpException' with message 'The requested page does not exist.' in /www/shenlung/users/shenlung-betaush/www/htdocs/protected/controllers/PhotoController.php:180
Stack trace:
#0 /www/shenlung/users/shenlung-betaush/www/htdocs/protected/controllers/PhotoController.php(104): PhotoController->loadModel('3')
#1 [internal function]: PhotoController->actionUpdate('3')
#2 /www/shenlung/users/shenlung-betaush/www/framework/web/actions/CAction.php(104): ReflectionMethod->invokeArgs(Object(PhotoController), Array)
#3 /www/shenlung/users/shenlung-betaush/www/framework/web/actions/CInlineAction.php(48): CAction->runWithParamsInternal(Object(PhotoController), Object(ReflectionMethod), Array)
#4 /www/shenlung/users/shenlung-betaush/www/framework/web/CController.php(300): CInlineAction->runWithParams(Array)
#5 /www/shenlung/users/shenlung-betaush/www/framework/web/filters/CFilterChain.php(134): CController->runAction(Object(CInlineAction))
#6 /www/shenlung/users/shenlung-betaush/www/framework/web/filters/CFilter.php(41): CFilterChain->run()
#7 /www/shenlung/users/shenlung-betaush/www/framework/web/CController.php(1144): CFilter->filter(Object(CFilterChain))
#8 /www/shenlung/users/shenlung-betaush/www/framework/web/filters/CInlineFilter.php(59): CController->filterAccessControl(Object(CFilterChain))
#9 /www/shenlung/users/shenlung-betaush/www/framework/web/filters/CFilterChain.php(131): CInlineFilter->filter(Object(CFilterChain))
#10 /www/shenlung/users/shenlung-betaush/www/framework/web/CController.php(283): CFilterChain->run()
#11 /www/shenlung/users/shenlung-betaush/www/framework/web/CController.php(257): CController->runActionWithFilters(Object(CInlineAction), Array)
#12 /www/shenlung/users/shenlung-betaush/www/framework/web/CWebApplication.php(277): CController->run('update')
#13 /www/shenlung/users/shenlung-betaush/www/framework/web/CWebApplication.php(136): CWebApplication->runController('photo/update')
#14 /www/shenlung/users/shenlung-betaush/www/framework/base/CApplication.php(158): CWebApplication->processRequest()
#15 /www/shenlung/users/shenlung-betaush/www/htdocs/index.php(13): CApplication->run()
#16 {main} REQUEST_URI=/index.php?r=photo/update&id=3
2012/01/29 19:42:36 [error] [exception.CHttpException.404] exception 'CHttpException' with message 'The system is unable to find the requested action "upload".' in /www/shenlung/users/shenlung-betaush/www/framework/web/CController.php:477
Stack trace:
#0 /www/shenlung/users/shenlung-betaush/www/framework/web/CController.php(262): CController->missingAction('upload')
#1 /www/shenlung/users/shenlung-betaush/www/framework/web/CWebApplication.php(277): CController->run('upload')
#2 /www/shenlung/users/shenlung-betaush/www/framework/web/CWebApplication.php(136): CWebApplication->runController('site/upload')
#3 /www/shenlung/users/shenlung-betaush/www/framework/base/CApplication.php(158): CWebApplication->processRequest()
#4 /www/shenlung/users/shenlung-betaush/www/htdocs/index.php(13): CApplication->run()
#5 {main} REQUEST_URI=/index.php?r=site/upload
2012/01/29 19:50:52 [error] [exception.CHttpException.404] exception 'CHttpException' with message 'The system is unable to find the requested action "upload".' in /www/shenlung/users/shenlung-betaush/www/framework/web/CController.php:477
Stack trace:
#0 /www/shenlung/users/shenlung-betaush/www/framework/web/CController.php(262): CController->missingAction('upload')
#1 /www/shenlung/users/shenlung-betaush/www/framework/web/CWebApplication.php(277): CController->run('upload')
#2 /www/shenlung/users/shenlung-betaush/www/framework/web/CWebApplication.php(136): CWebApplication->runController('site/upload')
#3 /www/shenlung/users/shenlung-betaush/www/framework/base/CApplication.php(158): CWebApplication->processRequest()
#4 /www/shenlung/users/shenlung-betaush/www/htdocs/index.php(13): CApplication->run()
#5 {main} REQUEST_URI=/index.php?r=site/upload
2012/01/29 19:51:06 [error] [exception.CHttpException.404] exception 'CHttpException' with message 'The system is unable to find the requested action "upload".' in /www/shenlung/users/shenlung-betaush/www/framework/web/CController.php:477
Stack trace:
#0 /www/shenlung/users/shenlung-betaush/www/framework/web/CController.php(262): CController->missingAction('upload')
#1 /www/shenlung/users/shenlung-betaush/www/framework/web/CWebApplication.php(277): CController->run('upload')
#2 /www/shenlung/users/shenlung-betaush/www/framework/web/CWebApplication.php(136): CWebApplication->runController('site/upload')
#3 /www/shenlung/users/shenlung-betaush/www/framework/base/CApplication.php(158): CWebApplication->processRequest()
#4 /www/shenlung/users/shenlung-betaush/www/htdocs/index.php(13): CApplication->run()
#5 {main} REQUEST_URI=/index.php?r=site/upload
2012/01/29 19:51:41 [error] [exception.CHttpException.404] exception 'CHttpException' with message 'The system is unable to find the requested action "upload".' in /www/shenlung/users/shenlung-betaush/www/framework/web/CController.php:477
Stack trace:
#0 /www/shenlung/users/shenlung-betaush/www/framework/web/CController.php(262): CController->missingAction('upload')
#1 /www/shenlung/users/shenlung-betaush/www/framework/web/CWebApplication.php(277): CController->run('upload')
#2 /www/shenlung/users/shenlung-betaush/www/framework/web/CWebApplication.php(136): CWebApplication->runController('site/upload')
#3 /www/shenlung/users/shenlung-betaush/www/framework/base/CApplication.php(158): CWebApplication->processRequest()
#4 /www/shenlung/users/shenlung-betaush/www/htdocs/index.php(13): CApplication->run()
#5 {main} REQUEST_URI=/index.php?r=site/upload
2012/01/29 19:52:20 [error] [exception.CHttpException.404] exception 'CHttpException' with message 'The system is unable to find the requested action "upload".' in /www/shenlung/users/shenlung-betaush/www/framework/web/CController.php:477
Stack trace:
#0 /www/shenlung/users/shenlung-betaush/www/framework/web/CController.php(262): CController->missingAction('upload')
#1 /www/shenlung/users/shenlung-betaush/www/framework/web/CWebApplication.php(277): CController->run('upload')
#2 /www/shenlung/users/shenlung-betaush/www/framework/web/CWebApplication.php(136): CWebApplication->runController('site/upload')
#3 /www/shenlung/users/shenlung-betaush/www/framework/base/CApplication.php(158): CWebApplication->processRequest()
#4 /www/shenlung/users/shenlung-betaush/www/htdocs/index.php(13): CApplication->run()
#5 {main} REQUEST_URI=/index.php?r=site/upload
2012/01/29 19:52:37 [error] [exception.CHttpException.404] exception 'CHttpException' with message 'The system is unable to find the requested action "upload".' in /www/shenlung/users/shenlung-betaush/www/framework/web/CController.php:477
Stack trace:
#0 /www/shenlung/users/shenlung-betaush/www/framework/web/CController.php(262): CController->missingAction('upload')
#1 /www/shenlung/users/shenlung-betaush/www/framework/web/CWebApplication.php(277): CController->run('upload')
#2 /www/shenlung/users/shenlung-betaush/www/framework/web/CWebApplication.php(136): CWebApplication->runController('site/upload')
#3 /www/shenlung/users/shenlung-betaush/www/framework/base/CApplication.php(158): CWebApplication->processRequest()
#4 /www/shenlung/users/shenlung-betaush/www/htdocs/index.php(13): CApplication->run()
#5 {main} REQUEST_URI=/index.php?r=site/upload
2012/01/29 19:53:05 [error] [exception.CHttpException.404] exception 'CHttpException' with message 'The system is unable to find the requested action "upload".' in /www/shenlung/users/shenlung-betaush/www/framework/web/CController.php:477
Stack trace:
#0 /www/shenlung/users/shenlung-betaush/www/framework/web/CController.php(262): CController->missingAction('upload')
#1 /www/shenlung/users/shenlung-betaush/www/framework/web/CWebApplication.php(277): CController->run('upload')
#2 /www/shenlung/users/shenlung-betaush/www/framework/web/CWebApplication.php(136): CWebApplication->runController('site/upload')
#3 /www/shenlung/users/shenlung-betaush/www/framework/base/CApplication.php(158): CWebApplication->processRequest()
#4 /www/shenlung/users/shenlung-betaush/www/htdocs/index.php(13): CApplication->run()
#5 {main} REQUEST_URI=/index.php?r=site/upload
2012/01/29 19:53:19 [error] [exception.CHttpException.404] exception 'CHttpException' with message 'The system is unable to find the requested action "upload".' in /www/shenlung/users/shenlung-betaush/www/framework/web/CController.php:477
Stack trace:
#0 /www/shenlung/users/shenlung-betaush/www/framework/web/CController.php(262): CController->missingAction('upload')
#1 /www/shenlung/users/shenlung-betaush/www/framework/web/CWebApplication.php(277): CController->run('upload')
#2 /www/shenlung/users/shenlung-betaush/www/framework/web/CWebApplication.php(136): CWebApplication->runController('site/upload')
#3 /www/shenlung/users/shenlung-betaush/www/framework/base/CApplication.php(158): CWebApplication->processRequest()
#4 /www/shenlung/users/shenlung-betaush/www/htdocs/index.php(13): CApplication->run()
#5 {main} REQUEST_URI=/index.php?r=site/upload
2012/01/29 19:56:19 [error] [php] Undefined index:  Filedata (/www/shenlung/users/shenlung-betaush/www/htdocs/protected/controllers/PhotoController.php:168)
Stack trace:
#0 /www/shenlung/users/shenlung-betaush/www/framework/web/filters/CFilterChain.php(134): PhotoController->runAction()
#1 /www/shenlung/users/shenlung-betaush/www/framework/web/filters/CFilter.php(41): CFilterChain->run()
#2 /www/shenlung/users/shenlung-betaush/www/framework/web/CController.php(1144): CAccessControlFilter->filter()
#3 /www/shenlung/users/shenlung-betaush/www/framework/web/filters/CInlineFilter.php(59): PhotoController->filterAccessControl()
#4 /www/shenlung/users/shenlung-betaush/www/framework/web/filters/CFilterChain.php(131): CInlineFilter->filter()
#5 /www/shenlung/users/shenlung-betaush/www/framework/web/CController.php(283): CFilterChain->run()
#6 /www/shenlung/users/shenlung-betaush/www/framework/web/CController.php(257): PhotoController->runActionWithFilters()
#7 /www/shenlung/users/shenlung-betaush/www/framework/web/CWebApplication.php(277): PhotoController->run()
#8 /www/shenlung/users/shenlung-betaush/www/framework/web/CWebApplication.php(136): CWebApplication->runController()
#9 /www/shenlung/users/shenlung-betaush/www/framework/base/CApplication.php(158): CWebApplication->processRequest()
#10 /www/shenlung/users/shenlung-betaush/www/htdocs/index.php(13): CWebApplication->run()
REQUEST_URI=/index.php?r=photo/upload
in /www/shenlung/users/shenlung-betaush/www/htdocs/protected/controllers/PhotoController.php (168)
in /www/shenlung/users/shenlung-betaush/www/htdocs/index.php (13)
